<?xml version="1.0" encoding="UTF-8"?>
<!-- Generated by org.testng.reporters.JUnitReportReporter -->
<testsuite hostname="DESKTOP-FK94RJU" failures="0" tests="1" name="testng1" time="55.504" errors="0" timestamp="2023-10-26T23:16:41 IST" skipped="0">
  <testcase classname="testng1" name="amazonmethod" time="55.504"/>
</testsuite> <!-- testng1 -->
